  main.cpp
c:\users\przem\source\repos\grafikaprojektopengl\grafikaprojektopengl\source\main.cpp(180): warning C4244: 'initializing': conversion from 'double' to 'float', possible loss of data
c:\users\przem\source\repos\grafikaprojektopengl\grafikaprojektopengl\source\main.cpp(181): warning C4244: 'initializing': conversion from 'double' to 'float', possible loss of data
c:\users\przem\source\repos\grafikaprojektopengl\grafikaprojektopengl\source\main.cpp(186): warning C4244: '=': conversion from 'double' to 'float', possible loss of data
c:\users\przem\source\repos\grafikaprojektopengl\grafikaprojektopengl\source\main.cpp(368): warning C4244: 'initializing': conversion from 'double' to 'float', possible loss of data
c:\users\przem\source\repos\grafikaprojektopengl\grafikaprojektopengl\source\main.cpp(658): warning C4244: '=': conversion from 'double' to 'float', possible loss of data
c:\users\przem\source\repos\grafikaprojektopengl\grafikaprojektopengl\source\main.cpp(659): warning C4244: '=': conversion from 'double' to 'float', possible loss of data
c:\users\przem\source\repos\grafikaprojektopengl\grafikaprojektopengl\source\main.cpp(663): warning C4244: 'initializing': conversion from 'double' to 'float', possible loss of data
c:\users\przem\source\repos\grafikaprojektopengl\grafikaprojektopengl\source\main.cpp(664): warning C4244: 'initializing': conversion from 'double' to 'float', possible loss of data
c:\users\przem\source\repos\grafikaprojektopengl\grafikaprojektopengl\source\main.cpp(666): warning C4244: '=': conversion from 'double' to 'float', possible loss of data
c:\users\przem\source\repos\grafikaprojektopengl\grafikaprojektopengl\source\main.cpp(667): warning C4244: '=': conversion from 'double' to 'float', possible loss of data
c:\users\przem\source\repos\grafikaprojektopengl\grafikaprojektopengl\source\main.cpp(675): warning C4244: 'argument': conversion from 'double' to 'float', possible loss of data
c:\users\przem\source\repos\grafikaprojektopengl\grafikaprojektopengl\source\main.cpp(716): warning C4305: 'argument': truncation from 'double' to 'float'
c:\users\przem\source\repos\grafikaprojektopengl\grafikaprojektopengl\source\main.cpp(717): warning C4305: 'argument': truncation from 'double' to 'float'
c:\users\przem\source\repos\grafikaprojektopengl\grafikaprojektopengl\source\main.cpp(724): warning C4305: 'argument': truncation from 'double' to 'float'
c:\users\przem\source\repos\grafikaprojektopengl\grafikaprojektopengl\source\main.cpp(725): warning C4305: 'argument': truncation from 'double' to 'float'
c:\users\przem\source\repos\grafikaprojektopengl\grafikaprojektopengl\source\main.cpp(732): warning C4305: 'argument': truncation from 'double' to 'float'
c:\users\przem\source\repos\grafikaprojektopengl\grafikaprojektopengl\source\main.cpp(733): warning C4305: 'argument': truncation from 'double' to 'float'
c:\users\przem\source\repos\grafikaprojektopengl\grafikaprojektopengl\source\main.cpp(740): warning C4305: 'argument': truncation from 'double' to 'float'
c:\users\przem\source\repos\grafikaprojektopengl\grafikaprojektopengl\source\main.cpp(741): warning C4305: 'argument': truncation from 'double' to 'float'
c:\users\przem\source\repos\grafikaprojektopengl\grafikaprojektopengl\source\main.cpp(751): warning C4305: 'argument': truncation from 'double' to 'float'
c:\users\przem\source\repos\grafikaprojektopengl\grafikaprojektopengl\source\main.cpp(752): warning C4305: 'argument': truncation from 'double' to 'float'
c:\users\przem\source\repos\grafikaprojektopengl\grafikaprojektopengl\source\main.cpp(759): warning C4305: 'argument': truncation from 'double' to 'float'
c:\users\przem\source\repos\grafikaprojektopengl\grafikaprojektopengl\source\main.cpp(760): warning C4305: 'argument': truncation from 'double' to 'float'
c:\users\przem\source\repos\grafikaprojektopengl\grafikaprojektopengl\source\main.cpp(767): warning C4305: 'argument': truncation from 'double' to 'float'
c:\users\przem\source\repos\grafikaprojektopengl\grafikaprojektopengl\source\main.cpp(768): warning C4305: 'argument': truncation from 'double' to 'float'
c:\users\przem\source\repos\grafikaprojektopengl\grafikaprojektopengl\source\main.cpp(775): warning C4305: 'argument': truncation from 'double' to 'float'
c:\users\przem\source\repos\grafikaprojektopengl\grafikaprojektopengl\source\main.cpp(776): warning C4305: 'argument': truncation from 'double' to 'float'
c:\users\przem\source\repos\grafikaprojektopengl\grafikaprojektopengl\source\main.cpp(785): warning C4305: 'argument': truncation from 'double' to 'float'
c:\users\przem\source\repos\grafikaprojektopengl\grafikaprojektopengl\source\main.cpp(786): warning C4305: 'argument': truncation from 'double' to 'float'
c:\users\przem\source\repos\grafikaprojektopengl\grafikaprojektopengl\source\main.cpp(805): warning C4305: 'argument': truncation from 'double' to 'float'
c:\users\przem\source\repos\grafikaprojektopengl\grafikaprojektopengl\source\main.cpp(806): warning C4305: 'argument': truncation from 'double' to 'float'
  Generating code
  0 of 593 functions ( 0.0%) were compiled, the rest were copied from previous compilation.
    0 functions were new in current compilation
    0 functions had inline decision re-evaluated but remain unchanged
  Finished generating code
  grafikaprojektopengl.vcxproj -> C:\Users\Przem\source\repos\grafikaprojektopengl\Release\GrafikaProjektOpengl.exe
